---------------------------------------------------------------
[ 2019-10-16T00:17:56+08:00 ] 127.0.0.1 GET www.pyg.com/
[运行时间：1.006716s] [吞吐率：0.99req/s] [内存消耗：3,345.88kb] [文件加载：62]
[ info ] [ LANG ] F:\www\pyg\thinkphp\lang\zh-cn.php
[ info ] [ ROUTE ] array (
  'type' => 'module',
  'module' => 
  array (
    0 => '',
    1 => NULL,
    2 => NULL,
  ),
)
[ info ] [ HEADER ] array (
  'cookie' => 'pgv_pvi=6815993856; thinkphp_show_page_trace=0|0; PHPSESSID=i6rhrs0bmkihb9f6s6gmvjufjh; login=123',
  'accept-language' => 'zh-CN,zh;q=0.9',
  'accept-encoding' => 'gzip, deflate',
  'accept' => 'text/html,application/xhtml+xml,application/xml;q=0.9,image/webp,image/apng,*/*;q=0.8,application/signed-exchange;v=b3',
  'user-agent' => 'Mozilla/5.0 (Windows NT 10.0; Win64; x64) AppleWebKit/537.36 (KHTML, like Gecko) Chrome/76.0.3809.100 Safari/537.36',
  'upgrade-insecure-requests' => '1',
  'connection' => 'close',
  'host' => 'www.pyg.com',
)
[ info ] [ PARAM ] array (
)
[ info ] [ CACHE ] INIT File
[ info ] [ DB ] INIT mysql
[ info ] [ RUN ] app\home\controller\Index->Index[ F:\www\pyg\application\home\controller\Index.php ]
[ info ] [ VIEW ] F:\www\pyg\public/../application/home\view\index\index.html [ array (
  0 => 'category',
) ]
[ info ] [ SESSION ] INIT array (
  'id' => '',
  'var_session_id' => '',
  'prefix' => 'think',
  'type' => '',
  'auto_start' => true,
)
[ info ] [ LOG ] INIT File
[ sql ] [ DB ] CONNECT:[ UseTime:0.042365s ] mysql:host=127.0.0.1;port=3306;dbname=pyg;charset=utf8
[ sql ] [ SQL ] SHOW COLUMNS FROM `pyg_category` [ RunTime:0.038175s ]
[ sql ] [ SQL ] SELECT `id`,`cate_name`,`pid`,`pid_path`,`pid_path_name`,`level`,`sort`,`is_show`,`image_url`,`is_hot` FROM `pyg_category` WHERE  `is_show` = 1 ORDER BY `sort` DESC [ RunTime:0.013740s ]
---------------------------------------------------------------
[ 2019-10-16T00:18:00+08:00 ] 127.0.0.1 GET www.pyg.com/goods/?cateid=72
[运行时间：0.407500s] [吞吐率：2.45req/s] [内存消耗：3,814.80kb] [文件加载：68]
[ info ] [ LANG ] F:\www\pyg\thinkphp\lang\zh-cn.php
[ info ] [ ROUTE ] array (
  'type' => 'module',
  'module' => 
  array (
    0 => 'home',
    1 => 'goods',
    2 => 'index',
  ),
  'convert' => false,
)
[ info ] [ HEADER ] array (
  'cookie' => 'thinkphp_show_page_trace=0|0; pgv_pvi=6815993856; thinkphp_show_page_trace=0|0; PHPSESSID=i6rhrs0bmkihb9f6s6gmvjufjh; login=123',
  'accept-language' => 'zh-CN,zh;q=0.9',
  'accept-encoding' => 'gzip, deflate',
  'referer' => 'http://www.pyg.com/',
  'accept' => 'text/html,application/xhtml+xml,application/xml;q=0.9,image/webp,image/apng,*/*;q=0.8,application/signed-exchange;v=b3',
  'user-agent' => 'Mozilla/5.0 (Windows NT 10.0; Win64; x64) AppleWebKit/537.36 (KHTML, like Gecko) Chrome/76.0.3809.100 Safari/537.36',
  'upgrade-insecure-requests' => '1',
  'connection' => 'close',
  'host' => 'www.pyg.com',
)
[ info ] [ PARAM ] array (
  '/goods/' => '',
  'cateid' => '72',
)
[ info ] [ CACHE ] INIT File
[ info ] [ DB ] INIT mysql
[ info ] [ RUN ] app\home\controller\Goods->index[ F:\www\pyg\application\home\controller\Goods.php ]
[ info ] [ VIEW ] F:\www\pyg\public/../application/home\view\goods\index.html [ array (
  0 => 'category',
  1 => 'page',
  2 => 'list',
) ]
[ info ] [ SESSION ] INIT array (
  'id' => '',
  'var_session_id' => '',
  'prefix' => 'think',
  'type' => '',
  'auto_start' => true,
)
[ info ] [ LOG ] INIT File
[ sql ] [ DB ] CONNECT:[ UseTime:0.001538s ] mysql:host=127.0.0.1;port=3306;dbname=pyg;charset=utf8
[ sql ] [ SQL ] SHOW COLUMNS FROM `pyg_goods` [ RunTime:0.020554s ]
[ sql ] [ SQL ] SELECT COUNT(*) AS tp_count FROM `pyg_goods` WHERE  `cate_id` = 72 LIMIT 1 [ RunTime:0.000867s ]
[ sql ] [ SQL ] SELECT * FROM `pyg_goods` WHERE  `cate_id` = 72 LIMIT 0,30 [ RunTime:0.001122s ]
---------------------------------------------------------------
[ 2019-10-16T00:18:00+08:00 ] 127.0.0.1 GET www.pyg.com/uploads/goods/20190528/bc57c7563eb82aa2.jpg
[运行时间：0.074577s] [吞吐率：13.41req/s] [内存消耗：1,366.70kb] [文件加载：45]
[ info ] [ LANG ] F:\www\pyg\thinkphp\lang\zh-cn.php
[ info ] [ ROUTE ] array (
  'type' => 'module',
  'module' => 
  array (
    0 => 'uploads',
    1 => 'goods',
    2 => '20190528',
  ),
)
[ info ] [ HEADER ] array (
  'cookie' => 'pgv_pvi=6815993856; thinkphp_show_page_trace=0|0; PHPSESSID=i6rhrs0bmkihb9f6s6gmvjufjh; login=123',
  'accept-language' => 'zh-CN,zh;q=0.9',
  'accept-encoding' => 'gzip, deflate',
  'referer' => 'http://www.pyg.com/goods/?cateid=72',
  'accept' => 'image/webp,image/apng,image/*,*/*;q=0.8',
  'user-agent' => 'Mozilla/5.0 (Windows NT 10.0; Win64; x64) AppleWebKit/537.36 (KHTML, like Gecko) Chrome/76.0.3809.100 Safari/537.36',
  'connection' => 'close',
  'host' => 'www.pyg.com',
)
[ info ] [ PARAM ] array (
  '/uploads/goods/20190528/bc57c7563eb82aa2_jpg' => '',
)
[ info ] [ LOG ] INIT File
