---------------------------------------------------------------
[ 2019-10-23T13:17:18+08:00 ] 127.0.0.1 GET www.pyg.com/
[运行时间：1.716613s] [吞吐率：0.58req/s] [内存消耗：3,345.88kb] [文件加载：62]
[ info ] [ LANG ] F:\www\pyg\thinkphp\lang\zh-cn.php
[ info ] [ ROUTE ] array (
  'type' => 'module',
  'module' => 
  array (
    0 => '',
    1 => NULL,
    2 => NULL,
  ),
)
[ info ] [ HEADER ] array (
  'cookie' => 'pgv_pvi=6815993856; thinkphp_show_page_trace=0|0; PHPSESSID=i6rhrs0bmkihb9f6s6gmvjufjh; login=123',
  'accept-language' => 'zh-CN,zh;q=0.9',
  'accept-encoding' => 'gzip, deflate',
  'accept' => 'text/html,application/xhtml+xml,application/xml;q=0.9,image/webp,image/apng,*/*;q=0.8,application/signed-exchange;v=b3',
  'user-agent' => 'Mozilla/5.0 (Windows NT 10.0; Win64; x64) AppleWebKit/537.36 (KHTML, like Gecko) Chrome/76.0.3809.100 Safari/537.36',
  'upgrade-insecure-requests' => '1',
  'connection' => 'close',
  'host' => 'www.pyg.com',
)
[ info ] [ PARAM ] array (
)
[ info ] [ CACHE ] INIT File
[ info ] [ DB ] INIT mysql
[ info ] [ RUN ] app\home\controller\Index->Index[ F:\www\pyg\application\home\controller\Index.php ]
[ info ] [ VIEW ] F:\www\pyg\public/../application/home\view\index\index.html [ array (
  0 => 'category',
) ]
[ info ] [ SESSION ] INIT array (
  'id' => '',
  'var_session_id' => '',
  'prefix' => 'think',
  'type' => '',
  'auto_start' => true,
)
[ info ] [ LOG ] INIT File
[ sql ] [ DB ] CONNECT:[ UseTime:0.048442s ] mysql:host=127.0.0.1;port=3306;dbname=pyg;charset=utf8
[ sql ] [ SQL ] SHOW COLUMNS FROM `pyg_category` [ RunTime:0.311542s ]
[ sql ] [ SQL ] SELECT `id`,`cate_name`,`pid`,`pid_path`,`pid_path_name`,`level`,`sort`,`is_show`,`image_url`,`is_hot` FROM `pyg_category` WHERE  `is_show` = 1 ORDER BY `sort` DESC [ RunTime:0.016310s ]
---------------------------------------------------------------
[ 2019-10-23T13:17:22+08:00 ] 127.0.0.1 GET www.pyg.com/goods/?cateid=72
[运行时间：0.575822s] [吞吐率：1.74req/s] [内存消耗：4,085.30kb] [文件加载：70]
[ info ] [ LANG ] F:\www\pyg\thinkphp\lang\zh-cn.php
[ info ] [ ROUTE ] array (
  'type' => 'module',
  'module' => 
  array (
    0 => 'home',
    1 => 'goods',
    2 => 'index',
  ),
  'convert' => false,
)
[ info ] [ HEADER ] array (
  'cookie' => 'thinkphp_show_page_trace=0|0; pgv_pvi=6815993856; thinkphp_show_page_trace=0|0; PHPSESSID=i6rhrs0bmkihb9f6s6gmvjufjh; login=123',
  'accept-language' => 'zh-CN,zh;q=0.9',
  'accept-encoding' => 'gzip, deflate',
  'referer' => 'http://www.pyg.com/',
  'accept' => 'text/html,application/xhtml+xml,application/xml;q=0.9,image/webp,image/apng,*/*;q=0.8,application/signed-exchange;v=b3',
  'user-agent' => 'Mozilla/5.0 (Windows NT 10.0; Win64; x64) AppleWebKit/537.36 (KHTML, like Gecko) Chrome/76.0.3809.100 Safari/537.36',
  'upgrade-insecure-requests' => '1',
  'connection' => 'close',
  'host' => 'www.pyg.com',
)
[ info ] [ PARAM ] array (
  '/goods/' => '',
  'cateid' => '72',
)
[ info ] [ CACHE ] INIT File
[ info ] [ DB ] INIT mysql
[ info ] [ RUN ] app\home\controller\Goods->index[ F:\www\pyg\application\home\controller\Goods.php ]
[ info ] [ VIEW ] F:\www\pyg\public/../application/home\view\goods\index.html [ array (
  0 => 'category',
  1 => 'page',
  2 => 'list',
) ]
[ info ] [ SESSION ] INIT array (
  'id' => '',
  'var_session_id' => '',
  'prefix' => 'think',
  'type' => '',
  'auto_start' => true,
)
[ info ] [ LOG ] INIT File
[ sql ] [ DB ] CONNECT:[ UseTime:0.001706s ] mysql:host=127.0.0.1;port=3306;dbname=pyg;charset=utf8
[ sql ] [ SQL ] SHOW COLUMNS FROM `pyg_goods` [ RunTime:0.075045s ]
[ sql ] [ SQL ] SELECT COUNT(*) AS tp_count FROM `pyg_goods` WHERE  `cate_id` = 72 LIMIT 1 [ RunTime:0.020181s ]
[ sql ] [ SQL ] SELECT * FROM `pyg_goods` WHERE  `cate_id` = 72 LIMIT 0,30 [ RunTime:0.001470s ]
---------------------------------------------------------------
[ 2019-10-23T13:17:23+08:00 ] 127.0.0.1 GET www.pyg.com/uploads/goods/20190528/bc57c7563eb82aa2.jpg
[运行时间：0.111606s] [吞吐率：8.96req/s] [内存消耗：1,366.70kb] [文件加载：45]
[ info ] [ LANG ] F:\www\pyg\thinkphp\lang\zh-cn.php
[ info ] [ ROUTE ] array (
  'type' => 'module',
  'module' => 
  array (
    0 => 'uploads',
    1 => 'goods',
    2 => '20190528',
  ),
)
[ info ] [ HEADER ] array (
  'cookie' => 'pgv_pvi=6815993856; thinkphp_show_page_trace=0|0; PHPSESSID=i6rhrs0bmkihb9f6s6gmvjufjh; login=123',
  'accept-language' => 'zh-CN,zh;q=0.9',
  'accept-encoding' => 'gzip, deflate',
  'referer' => 'http://www.pyg.com/goods/?cateid=72',
  'accept' => 'image/webp,image/apng,image/*,*/*;q=0.8',
  'user-agent' => 'Mozilla/5.0 (Windows NT 10.0; Win64; x64) AppleWebKit/537.36 (KHTML, like Gecko) Chrome/76.0.3809.100 Safari/537.36',
  'connection' => 'close',
  'host' => 'www.pyg.com',
)
[ info ] [ PARAM ] array (
  '/uploads/goods/20190528/bc57c7563eb82aa2_jpg' => '',
)
[ info ] [ LOG ] INIT File
---------------------------------------------------------------
[ 2019-10-23T13:17:25+08:00 ] 127.0.0.1 GET www.pyg.com/goods/home.html
[运行时间：0.215399s] [吞吐率：4.64req/s] [内存消耗：3,378.93kb] [文件加载：67]
[ info ] [ LANG ] F:\www\pyg\thinkphp\lang\zh-cn.php
[ info ] [ ROUTE ] array (
  'type' => 'module',
  'module' => 
  array (
    0 => 'home',
    1 => 'goods',
    2 => 'read',
  ),
  'convert' => false,
)
[ info ] [ HEADER ] array (
  'cookie' => 'thinkphp_show_page_trace=0|0; pgv_pvi=6815993856; thinkphp_show_page_trace=0|0; PHPSESSID=i6rhrs0bmkihb9f6s6gmvjufjh; login=123',
  'accept-language' => 'zh-CN,zh;q=0.9',
  'accept-encoding' => 'gzip, deflate',
  'referer' => 'http://www.pyg.com/goods/?cateid=72',
  'accept' => 'text/html,application/xhtml+xml,application/xml;q=0.9,image/webp,image/apng,*/*;q=0.8,application/signed-exchange;v=b3',
  'user-agent' => 'Mozilla/5.0 (Windows NT 10.0; Win64; x64) AppleWebKit/537.36 (KHTML, like Gecko) Chrome/76.0.3809.100 Safari/537.36',
  'upgrade-insecure-requests' => '1',
  'connection' => 'close',
  'host' => 'www.pyg.com',
)
[ info ] [ PARAM ] array (
  '/goods/home_html' => '',
  'id' => 'home',
)
[ info ] [ CACHE ] INIT File
[ info ] [ DB ] INIT mysql
[ info ] [ RUN ] app\home\controller\Goods->read[ F:\www\pyg\application\home\controller\Goods.php ]
[ info ] [ VIEW ] F:\www\pyg\thinkphp\tpl\dispatch_jump.tpl [ array (
  0 => 'category',
  1 => 'code',
  2 => 'msg',
  3 => 'data',
  4 => 'url',
  5 => 'wait',
) ]
[ info ] [ LOG ] INIT File
[ sql ] [ DB ] CONNECT:[ UseTime:0.001567s ] mysql:host=127.0.0.1;port=3306;dbname=pyg;charset=utf8
[ sql ] [ SQL ] SHOW COLUMNS FROM `pyg_goods` [ RunTime:0.031951s ]
[ sql ] [ SQL ] SELECT * FROM `pyg_goods` WHERE  `id` = 0 LIMIT 1 [ RunTime:0.001292s ]
---------------------------------------------------------------
[ 2019-10-23T13:17:47+08:00 ] 127.0.0.1 GET www.pyg.com/home/my_center/information
[运行时间：0.070564s] [吞吐率：14.17req/s] [内存消耗：1,372.65kb] [文件加载：48]
[ info ] [ LANG ] F:\www\pyg\thinkphp\lang\zh-cn.php
[ info ] [ ROUTE ] array (
  'type' => 'module',
  'module' => 
  array (
    0 => 'home',
    1 => 'my_center',
    2 => 'information',
  ),
)
[ info ] [ HEADER ] array (
  'cookie' => 'pgv_pvi=6815993856; thinkphp_show_page_trace=0|0; PHPSESSID=i6rhrs0bmkihb9f6s6gmvjufjh; login=123',
  'accept-language' => 'zh-CN,zh;q=0.9',
  'accept-encoding' => 'gzip, deflate',
  'accept' => 'text/html,application/xhtml+xml,application/xml;q=0.9,image/webp,image/apng,*/*;q=0.8,application/signed-exchange;v=b3',
  'user-agent' => 'Mozilla/5.0 (Windows NT 10.0; Win64; x64) AppleWebKit/537.36 (KHTML, like Gecko) Chrome/76.0.3809.100 Safari/537.36',
  'upgrade-insecure-requests' => '1',
  'connection' => 'close',
  'host' => 'www.pyg.com',
)
[ info ] [ PARAM ] array (
  '/home/my_center/information' => '',
)
[ info ] [ LOG ] INIT File
---------------------------------------------------------------
[ 2019-10-23T13:17:56+08:00 ] 127.0.0.1 GET www.pyg.com/home/usercenter/index
[运行时间：0.072404s] [吞吐率：13.81req/s] [内存消耗：1,372.48kb] [文件加载：48]
[ info ] [ LANG ] F:\www\pyg\thinkphp\lang\zh-cn.php
[ info ] [ ROUTE ] array (
  'type' => 'module',
  'module' => 
  array (
    0 => 'home',
    1 => 'usercenter',
    2 => 'index',
  ),
)
[ info ] [ HEADER ] array (
  'cookie' => 'pgv_pvi=6815993856; thinkphp_show_page_trace=0|0; PHPSESSID=i6rhrs0bmkihb9f6s6gmvjufjh; login=123',
  'accept-language' => 'zh-CN,zh;q=0.9',
  'accept-encoding' => 'gzip, deflate',
  'accept' => 'text/html,application/xhtml+xml,application/xml;q=0.9,image/webp,image/apng,*/*;q=0.8,application/signed-exchange;v=b3',
  'user-agent' => 'Mozilla/5.0 (Windows NT 10.0; Win64; x64) AppleWebKit/537.36 (KHTML, like Gecko) Chrome/76.0.3809.100 Safari/537.36',
  'upgrade-insecure-requests' => '1',
  'connection' => 'close',
  'host' => 'www.pyg.com',
)
[ info ] [ PARAM ] array (
  '/home/usercenter/index' => '',
)
[ info ] [ LOG ] INIT File
---------------------------------------------------------------
[ 2019-10-23T13:18:23+08:00 ] 127.0.0.1 GET www.pyg.com/usercenter/info/index
[运行时间：0.462827s] [吞吐率：2.16req/s] [内存消耗：3,406.05kb] [文件加载：62]
[ info ] [ LANG ] F:\www\pyg\thinkphp\lang\zh-cn.php
[ info ] [ ROUTE ] array (
  'type' => 'module',
  'module' => 
  array (
    0 => 'usercenter',
    1 => 'info',
    2 => 'index',
  ),
)
[ info ] [ HEADER ] array (
  'cookie' => 'thinkphp_show_page_trace=0|0; thinkphp_show_page_trace=0|0; pgv_pvi=6815993856; thinkphp_show_page_trace=0|0; PHPSESSID=i6rhrs0bmkihb9f6s6gmvjufjh; login=123',
  'accept-language' => 'zh-CN,zh;q=0.9',
  'accept-encoding' => 'gzip, deflate',
  'purpose' => 'prefetch',
  'accept' => 'text/html,application/xhtml+xml,application/xml;q=0.9,image/webp,image/apng,*/*;q=0.8,application/signed-exchange;v=b3',
  'user-agent' => 'Mozilla/5.0 (Windows NT 10.0; Win64; x64) AppleWebKit/537.36 (KHTML, like Gecko) Chrome/76.0.3809.100 Safari/537.36',
  'upgrade-insecure-requests' => '1',
  'connection' => 'close',
  'host' => 'www.pyg.com',
)
[ info ] [ PARAM ] array (
  '/usercenter/info/index' => '',
)
[ info ] [ CACHE ] INIT File
[ info ] [ SESSION ] INIT array (
  'id' => '',
  'var_session_id' => '',
  'prefix' => 'think',
  'type' => '',
  'auto_start' => true,
)
[ info ] [ RUN ] app\usercenter\controller\Info->index[ F:\www\pyg\application\usercenter\controller\Info.php ]
[ info ] [ DB ] INIT mysql
[ info ] [ VIEW ] F:\www\pyg\public/../application/usercenter\view\info\index.html [ array (
  0 => 'category',
  1 => 'userinfo',
  2 => 'job',
  3 => 'userjob',
) ]
[ info ] [ LOG ] INIT File
[ sql ] [ DB ] CONNECT:[ UseTime:0.001503s ] mysql:host=127.0.0.1;port=3306;dbname=pyg;charset=utf8
[ sql ] [ SQL ] SHOW COLUMNS FROM `pyg_user` [ RunTime:0.052769s ]
[ sql ] [ SQL ] SELECT `a`.`id`,`sex`,`nickname`,`phone`,`figure_url`,`is_vip`,`card`,`birthday`,`place`,`job` FROM `pyg_user` `a` INNER JOIN `pyg_profile` `b` ON `a`.`id`=`b`.`uid` WHERE  `a`.`id` = 32 LIMIT 1 [ RunTime:0.041152s ]
[ sql ] [ SQL ] SHOW COLUMNS FROM `pyg_job` [ RunTime:0.090150s ]
[ sql ] [ SQL ] SELECT `id`,`job_name`,`pid`,`pid_path`,`pid_path_name`,`level`,`sort` FROM `pyg_job` [ RunTime:0.000952s ]
[ sql ] [ SQL ] SELECT `pid_path` FROM `pyg_job` WHERE  `id` = 8 LIMIT 1 [ RunTime:0.000623s ]
---------------------------------------------------------------
[ 2019-10-23T13:18:25+08:00 ] 127.0.0.1 GET www.pyg.com/usercenter/info/index
[运行时间：0.154889s] [吞吐率：6.46req/s] [内存消耗：3,405.78kb] [文件加载：62]
[ info ] [ LANG ] F:\www\pyg\thinkphp\lang\zh-cn.php
[ info ] [ ROUTE ] array (
  'type' => 'module',
  'module' => 
  array (
    0 => 'usercenter',
    1 => 'info',
    2 => 'index',
  ),
)
[ info ] [ HEADER ] array (
  'cookie' => 'thinkphp_show_page_trace=0|0; thinkphp_show_page_trace=0|0; pgv_pvi=6815993856; thinkphp_show_page_trace=0|0; PHPSESSID=i6rhrs0bmkihb9f6s6gmvjufjh; login=123',
  'accept-language' => 'zh-CN,zh;q=0.9',
  'accept-encoding' => 'gzip, deflate',
  'accept' => 'text/html,application/xhtml+xml,application/xml;q=0.9,image/webp,image/apng,*/*;q=0.8,application/signed-exchange;v=b3',
  'user-agent' => 'Mozilla/5.0 (Windows NT 10.0; Win64; x64) AppleWebKit/537.36 (KHTML, like Gecko) Chrome/76.0.3809.100 Safari/537.36',
  'upgrade-insecure-requests' => '1',
  'connection' => 'close',
  'host' => 'www.pyg.com',
)
[ info ] [ PARAM ] array (
  '/usercenter/info/index' => '',
)
[ info ] [ CACHE ] INIT File
[ info ] [ SESSION ] INIT array (
  'id' => '',
  'var_session_id' => '',
  'prefix' => 'think',
  'type' => '',
  'auto_start' => true,
)
[ info ] [ RUN ] app\usercenter\controller\Info->index[ F:\www\pyg\application\usercenter\controller\Info.php ]
[ info ] [ DB ] INIT mysql
[ info ] [ VIEW ] F:\www\pyg\public/../application/usercenter\view\info\index.html [ array (
  0 => 'category',
  1 => 'userinfo',
  2 => 'job',
  3 => 'userjob',
) ]
[ info ] [ LOG ] INIT File
[ sql ] [ DB ] CONNECT:[ UseTime:0.001518s ] mysql:host=127.0.0.1;port=3306;dbname=pyg;charset=utf8
[ sql ] [ SQL ] SHOW COLUMNS FROM `pyg_user` [ RunTime:0.027000s ]
[ sql ] [ SQL ] SELECT `a`.`id`,`sex`,`nickname`,`phone`,`figure_url`,`is_vip`,`card`,`birthday`,`place`,`job` FROM `pyg_user` `a` INNER JOIN `pyg_profile` `b` ON `a`.`id`=`b`.`uid` WHERE  `a`.`id` = 32 LIMIT 1 [ RunTime:0.000831s ]
[ sql ] [ SQL ] SHOW COLUMNS FROM `pyg_job` [ RunTime:0.026390s ]
[ sql ] [ SQL ] SELECT `id`,`job_name`,`pid`,`pid_path`,`pid_path_name`,`level`,`sort` FROM `pyg_job` [ RunTime:0.000584s ]
[ sql ] [ SQL ] SELECT `pid_path` FROM `pyg_job` WHERE  `id` = 8 LIMIT 1 [ RunTime:0.000404s ]
---------------------------------------------------------------
[ 2019-10-23T13:18:25+08:00 ] 127.0.0.1 GET www.pyg.com/usercenter/info/job
[运行时间：0.191921s] [吞吐率：5.21req/s] [内存消耗：3,192.73kb] [文件加载：59]
[ info ] [ LANG ] F:\www\pyg\thinkphp\lang\zh-cn.php
[ info ] [ ROUTE ] array (
  'type' => 'module',
  'module' => 
  array (
    0 => 'usercenter',
    1 => 'info',
    2 => 'job',
  ),
)
[ info ] [ HEADER ] array (
  'cookie' => 'thinkphp_show_page_trace=0|0; thinkphp_show_page_trace=0|0; pgv_pvi=6815993856; thinkphp_show_page_trace=0|0; PHPSESSID=i6rhrs0bmkihb9f6s6gmvjufjh; login=123',
  'accept-language' => 'zh-CN,zh;q=0.9',
  'accept-encoding' => 'gzip, deflate',
  'referer' => 'http://www.pyg.com/usercenter/info/index',
  'user-agent' => 'Mozilla/5.0 (Windows NT 10.0; Win64; x64) AppleWebKit/537.36 (KHTML, like Gecko) Chrome/76.0.3809.100 Safari/537.36',
  'x-requested-with' => 'XMLHttpRequest',
  'accept' => 'application/json, text/javascript, */*; q=0.01',
  'connection' => 'close',
  'host' => 'www.pyg.com',
)
[ info ] [ PARAM ] array (
  '/usercenter/info/job' => '',
)
[ info ] [ CACHE ] INIT File
[ info ] [ SESSION ] INIT array (
  'id' => '',
  'var_session_id' => '',
  'prefix' => 'think',
  'type' => '',
  'auto_start' => true,
)
[ info ] [ RUN ] app\usercenter\controller\Info->job[ F:\www\pyg\application\usercenter\controller\Info.php ]
[ info ] [ DB ] INIT mysql
[ info ] [ LOG ] INIT File
[ sql ] [ DB ] CONNECT:[ UseTime:0.002269s ] mysql:host=127.0.0.1;port=3306;dbname=pyg;charset=utf8
[ sql ] [ SQL ] SHOW COLUMNS FROM `pyg_job` [ RunTime:0.019379s ]
[ sql ] [ SQL ] SELECT `id`,`job_name`,`pid`,`pid_path`,`pid_path_name`,`level`,`sort` FROM `pyg_job` WHERE  `pid` = 0 [ RunTime:0.001306s ]
---------------------------------------------------------------
[ 2019-10-23T13:18:26+08:00 ] 127.0.0.1 GET www.pyg.com/usercenter/info/job?pid=7
[运行时间：0.110200s] [吞吐率：9.07req/s] [内存消耗：3,191.01kb] [文件加载：59]
[ info ] [ LANG ] F:\www\pyg\thinkphp\lang\zh-cn.php
[ info ] [ ROUTE ] array (
  'type' => 'module',
  'module' => 
  array (
    0 => 'usercenter',
    1 => 'info',
    2 => 'job',
  ),
)
[ info ] [ HEADER ] array (
  'cookie' => 'thinkphp_show_page_trace=0|0; thinkphp_show_page_trace=0|0; pgv_pvi=6815993856; thinkphp_show_page_trace=0|0; PHPSESSID=i6rhrs0bmkihb9f6s6gmvjufjh; login=123',
  'accept-language' => 'zh-CN,zh;q=0.9',
  'accept-encoding' => 'gzip, deflate',
  'referer' => 'http://www.pyg.com/usercenter/info/index',
  'user-agent' => 'Mozilla/5.0 (Windows NT 10.0; Win64; x64) AppleWebKit/537.36 (KHTML, like Gecko) Chrome/76.0.3809.100 Safari/537.36',
  'x-requested-with' => 'XMLHttpRequest',
  'accept' => 'application/json, text/javascript, */*; q=0.01',
  'connection' => 'close',
  'host' => 'www.pyg.com',
)
[ info ] [ PARAM ] array (
  '/usercenter/info/job' => '',
  'pid' => '7',
)
[ info ] [ CACHE ] INIT File
[ info ] [ SESSION ] INIT array (
  'id' => '',
  'var_session_id' => '',
  'prefix' => 'think',
  'type' => '',
  'auto_start' => true,
)
[ info ] [ RUN ] app\usercenter\controller\Info->job[ F:\www\pyg\application\usercenter\controller\Info.php ]
[ info ] [ DB ] INIT mysql
[ info ] [ LOG ] INIT File
[ sql ] [ DB ] CONNECT:[ UseTime:0.001537s ] mysql:host=127.0.0.1;port=3306;dbname=pyg;charset=utf8
[ sql ] [ SQL ] SHOW COLUMNS FROM `pyg_job` [ RunTime:0.029034s ]
[ sql ] [ SQL ] SELECT `id`,`job_name`,`pid`,`pid_path`,`pid_path_name`,`level`,`sort` FROM `pyg_job` WHERE  `pid` = 7 [ RunTime:0.000707s ]
---------------------------------------------------------------
[ 2019-10-23T13:18:26+08:00 ] 127.0.0.1 GET www.pyg.com/usercenter/info/job?pid=1
[运行时间：0.110748s] [吞吐率：9.03req/s] [内存消耗：3,190.98kb] [文件加载：59]
[ info ] [ LANG ] F:\www\pyg\thinkphp\lang\zh-cn.php
[ info ] [ ROUTE ] array (
  'type' => 'module',
  'module' => 
  array (
    0 => 'usercenter',
    1 => 'info',
    2 => 'job',
  ),
)
[ info ] [ HEADER ] array (
  'cookie' => 'thinkphp_show_page_trace=0|0; thinkphp_show_page_trace=0|0; pgv_pvi=6815993856; thinkphp_show_page_trace=0|0; PHPSESSID=i6rhrs0bmkihb9f6s6gmvjufjh; login=123',
  'accept-language' => 'zh-CN,zh;q=0.9',
  'accept-encoding' => 'gzip, deflate',
  'referer' => 'http://www.pyg.com/usercenter/info/index',
  'user-agent' => 'Mozilla/5.0 (Windows NT 10.0; Win64; x64) AppleWebKit/537.36 (KHTML, like Gecko) Chrome/76.0.3809.100 Safari/537.36',
  'x-requested-with' => 'XMLHttpRequest',
  'accept' => 'application/json, text/javascript, */*; q=0.01',
  'connection' => 'close',
  'host' => 'www.pyg.com',
)
[ info ] [ PARAM ] array (
  '/usercenter/info/job' => '',
  'pid' => '1',
)
[ info ] [ CACHE ] INIT File
[ info ] [ SESSION ] INIT array (
  'id' => '',
  'var_session_id' => '',
  'prefix' => 'think',
  'type' => '',
  'auto_start' => true,
)
[ info ] [ RUN ] app\usercenter\controller\Info->job[ F:\www\pyg\application\usercenter\controller\Info.php ]
[ info ] [ DB ] INIT mysql
[ info ] [ LOG ] INIT File
[ sql ] [ DB ] CONNECT:[ UseTime:0.003578s ] mysql:host=127.0.0.1;port=3306;dbname=pyg;charset=utf8
[ sql ] [ SQL ] SHOW COLUMNS FROM `pyg_job` [ RunTime:0.024946s ]
[ sql ] [ SQL ] SELECT `id`,`job_name`,`pid`,`pid_path`,`pid_path_name`,`level`,`sort` FROM `pyg_job` WHERE  `pid` = 1 [ RunTime:0.000823s ]
---------------------------------------------------------------
[ 2019-10-23T13:18:32+08:00 ] 127.0.0.1 GET www.pyg.com/usercenter/info/job?pid=1
[运行时间：0.123547s] [吞吐率：8.09req/s] [内存消耗：3,190.98kb] [文件加载：59]
[ info ] [ LANG ] F:\www\pyg\thinkphp\lang\zh-cn.php
[ info ] [ ROUTE ] array (
  'type' => 'module',
  'module' => 
  array (
    0 => 'usercenter',
    1 => 'info',
    2 => 'job',
  ),
)
[ info ] [ HEADER ] array (
  'cookie' => 'thinkphp_show_page_trace=0|0; thinkphp_show_page_trace=0|0; pgv_pvi=6815993856; thinkphp_show_page_trace=0|0; PHPSESSID=i6rhrs0bmkihb9f6s6gmvjufjh; login=123',
  'accept-language' => 'zh-CN,zh;q=0.9',
  'accept-encoding' => 'gzip, deflate',
  'referer' => 'http://www.pyg.com/usercenter/info/index',
  'user-agent' => 'Mozilla/5.0 (Windows NT 10.0; Win64; x64) AppleWebKit/537.36 (KHTML, like Gecko) Chrome/76.0.3809.100 Safari/537.36',
  'x-requested-with' => 'XMLHttpRequest',
  'accept' => 'application/json, text/javascript, */*; q=0.01',
  'connection' => 'close',
  'host' => 'www.pyg.com',
)
[ info ] [ PARAM ] array (
  '/usercenter/info/job' => '',
  'pid' => '1',
)
[ info ] [ CACHE ] INIT File
[ info ] [ SESSION ] INIT array (
  'id' => '',
  'var_session_id' => '',
  'prefix' => 'think',
  'type' => '',
  'auto_start' => true,
)
[ info ] [ RUN ] app\usercenter\controller\Info->job[ F:\www\pyg\application\usercenter\controller\Info.php ]
[ info ] [ DB ] INIT mysql
[ info ] [ LOG ] INIT File
[ sql ] [ DB ] CONNECT:[ UseTime:0.001477s ] mysql:host=127.0.0.1;port=3306;dbname=pyg;charset=utf8
[ sql ] [ SQL ] SHOW COLUMNS FROM `pyg_job` [ RunTime:0.035277s ]
[ sql ] [ SQL ] SELECT `id`,`job_name`,`pid`,`pid_path`,`pid_path_name`,`level`,`sort` FROM `pyg_job` WHERE  `pid` = 1 [ RunTime:0.000804s ]
---------------------------------------------------------------
[ 2019-10-23T13:18:33+08:00 ] 127.0.0.1 GET www.pyg.com/usercenter/info/job?pid=10
[运行时间：0.118045s] [吞吐率：8.47req/s] [内存消耗：3,190.47kb] [文件加载：59]
[ info ] [ LANG ] F:\www\pyg\thinkphp\lang\zh-cn.php
[ info ] [ ROUTE ] array (
  'type' => 'module',
  'module' => 
  array (
    0 => 'usercenter',
    1 => 'info',
    2 => 'job',
  ),
)
[ info ] [ HEADER ] array (
  'cookie' => 'thinkphp_show_page_trace=0|0; thinkphp_show_page_trace=0|0; pgv_pvi=6815993856; thinkphp_show_page_trace=0|0; PHPSESSID=i6rhrs0bmkihb9f6s6gmvjufjh; login=123',
  'accept-language' => 'zh-CN,zh;q=0.9',
  'accept-encoding' => 'gzip, deflate',
  'referer' => 'http://www.pyg.com/usercenter/info/index',
  'user-agent' => 'Mozilla/5.0 (Windows NT 10.0; Win64; x64) AppleWebKit/537.36 (KHTML, like Gecko) Chrome/76.0.3809.100 Safari/537.36',
  'x-requested-with' => 'XMLHttpRequest',
  'accept' => 'application/json, text/javascript, */*; q=0.01',
  'connection' => 'close',
  'host' => 'www.pyg.com',
)
[ info ] [ PARAM ] array (
  '/usercenter/info/job' => '',
  'pid' => '10',
)
[ info ] [ CACHE ] INIT File
[ info ] [ SESSION ] INIT array (
  'id' => '',
  'var_session_id' => '',
  'prefix' => 'think',
  'type' => '',
  'auto_start' => true,
)
[ info ] [ RUN ] app\usercenter\controller\Info->job[ F:\www\pyg\application\usercenter\controller\Info.php ]
[ info ] [ DB ] INIT mysql
[ info ] [ LOG ] INIT File
[ sql ] [ DB ] CONNECT:[ UseTime:0.001650s ] mysql:host=127.0.0.1;port=3306;dbname=pyg;charset=utf8
[ sql ] [ SQL ] SHOW COLUMNS FROM `pyg_job` [ RunTime:0.036346s ]
[ sql ] [ SQL ] SELECT `id`,`job_name`,`pid`,`pid_path`,`pid_path_name`,`level`,`sort` FROM `pyg_job` WHERE  `pid` = 10 [ RunTime:0.001149s ]
---------------------------------------------------------------
[ 2019-10-23T13:18:36+08:00 ] 127.0.0.1 POST www.pyg.com/usercenter/info/edit
[运行时间：0.449294s] [吞吐率：2.23req/s] [内存消耗：3,159.16kb] [文件加载：59]
[ info ] [ LANG ] F:\www\pyg\thinkphp\lang\zh-cn.php
[ info ] [ ROUTE ] array (
  'type' => 'module',
  'module' => 
  array (
    0 => 'usercenter',
    1 => 'info',
    2 => 'edit',
  ),
)
[ info ] [ HEADER ] array (
  'cookie' => 'thinkphp_show_page_trace=0|0; thinkphp_show_page_trace=0|0; pgv_pvi=6815993856; thinkphp_show_page_trace=0|0; PHPSESSID=i6rhrs0bmkihb9f6s6gmvjufjh; login=123',
  'accept-language' => 'zh-CN,zh;q=0.9',
  'accept-encoding' => 'gzip, deflate',
  'referer' => 'http://www.pyg.com/usercenter/info/index',
  'content-type' => 'application/x-www-form-urlencoded; charset=UTF-8',
  'user-agent' => 'Mozilla/5.0 (Windows NT 10.0; Win64; x64) AppleWebKit/537.36 (KHTML, like Gecko) Chrome/76.0.3809.100 Safari/537.36',
  'x-requested-with' => 'XMLHttpRequest',
  'origin' => 'http://www.pyg.com',
  'accept' => 'application/json, text/javascript, */*; q=0.01',
  'content-length' => '242',
  'connection' => 'close',
  'host' => 'www.pyg.com',
)
[ info ] [ PARAM ] array (
  '/usercenter/info/edit' => '',
  'nickname' => '地狗商城首席执行官',
  'sex' => '0',
  'birthday' => '2017/10/5',
  'place' => '北京市_北京市市辖区_东城区',
  'job' => '8',
)
[ info ] [ CACHE ] INIT File
[ info ] [ SESSION ] INIT array (
  'id' => '',
  'var_session_id' => '',
  'prefix' => 'think',
  'type' => '',
  'auto_start' => true,
)
[ info ] [ RUN ] app\usercenter\controller\Info->edit[ F:\www\pyg\application\usercenter\controller\Info.php ]
[ info ] [ DB ] INIT mysql
[ info ] [ LOG ] INIT File
[ sql ] [ DB ] CONNECT:[ UseTime:0.001396s ] mysql:host=127.0.0.1;port=3306;dbname=pyg;charset=utf8
[ sql ] [ SQL ] SHOW COLUMNS FROM `pyg_profile` [ RunTime:0.030506s ]
[ sql ] [ SQL ] UPDATE `pyg_profile`  SET `sex`='0',`job`=8,`place`='北京市_北京市市辖区_东城区',`birthday`='2017/10/5',`update_time`=1571807915  WHERE  `uid` = 32 [ RunTime:0.050215s ]
[ sql ] [ SQL ] SHOW COLUMNS FROM `pyg_user` [ RunTime:0.026154s ]
[ sql ] [ SQL ] UPDATE `pyg_user`  SET `nickname`='地狗商城首席执行官'  WHERE  `id` = 32 [ RunTime:0.000634s ]
---------------------------------------------------------------
[ 2019-10-23T13:18:36+08:00 ] 127.0.0.1 GET www.pyg.com/usercenter/info/index
[运行时间：0.168461s] [吞吐率：5.94req/s] [内存消耗：3,406.15kb] [文件加载：62]
[ info ] [ LANG ] F:\www\pyg\thinkphp\lang\zh-cn.php
[ info ] [ ROUTE ] array (
  'type' => 'module',
  'module' => 
  array (
    0 => 'usercenter',
    1 => 'info',
    2 => 'index',
  ),
)
[ info ] [ HEADER ] array (
  'cookie' => 'thinkphp_show_page_trace=0|0; thinkphp_show_page_trace=0|0; pgv_pvi=6815993856; thinkphp_show_page_trace=0|0; PHPSESSID=i6rhrs0bmkihb9f6s6gmvjufjh; login=123',
  'accept-language' => 'zh-CN,zh;q=0.9',
  'accept-encoding' => 'gzip, deflate',
  'referer' => 'http://www.pyg.com/usercenter/info/index',
  'accept' => 'text/html,application/xhtml+xml,application/xml;q=0.9,image/webp,image/apng,*/*;q=0.8,application/signed-exchange;v=b3',
  'user-agent' => 'Mozilla/5.0 (Windows NT 10.0; Win64; x64) AppleWebKit/537.36 (KHTML, like Gecko) Chrome/76.0.3809.100 Safari/537.36',
  'upgrade-insecure-requests' => '1',
  'cache-control' => 'max-age=0',
  'connection' => 'close',
  'host' => 'www.pyg.com',
)
[ info ] [ PARAM ] array (
  '/usercenter/info/index' => '',
)
[ info ] [ CACHE ] INIT File
[ info ] [ SESSION ] INIT array (
  'id' => '',
  'var_session_id' => '',
  'prefix' => 'think',
  'type' => '',
  'auto_start' => true,
)
[ info ] [ RUN ] app\usercenter\controller\Info->index[ F:\www\pyg\application\usercenter\controller\Info.php ]
[ info ] [ DB ] INIT mysql
[ info ] [ VIEW ] F:\www\pyg\public/../application/usercenter\view\info\index.html [ array (
  0 => 'category',
  1 => 'userinfo',
  2 => 'job',
  3 => 'userjob',
) ]
[ info ] [ LOG ] INIT File
[ sql ] [ DB ] CONNECT:[ UseTime:0.001534s ] mysql:host=127.0.0.1;port=3306;dbname=pyg;charset=utf8
[ sql ] [ SQL ] SHOW COLUMNS FROM `pyg_user` [ RunTime:0.036724s ]
[ sql ] [ SQL ] SELECT `a`.`id`,`sex`,`nickname`,`phone`,`figure_url`,`is_vip`,`card`,`birthday`,`place`,`job` FROM `pyg_user` `a` INNER JOIN `pyg_profile` `b` ON `a`.`id`=`b`.`uid` WHERE  `a`.`id` = 32 LIMIT 1 [ RunTime:0.000895s ]
[ sql ] [ SQL ] SHOW COLUMNS FROM `pyg_job` [ RunTime:0.026709s ]
[ sql ] [ SQL ] SELECT `id`,`job_name`,`pid`,`pid_path`,`pid_path_name`,`level`,`sort` FROM `pyg_job` [ RunTime:0.000631s ]
[ sql ] [ SQL ] SELECT `pid_path` FROM `pyg_job` WHERE  `id` = 8 LIMIT 1 [ RunTime:0.000450s ]
---------------------------------------------------------------
[ 2019-10-23T13:18:36+08:00 ] 127.0.0.1 GET www.pyg.com/usercenter/info/job
[运行时间：0.119922s] [吞吐率：8.34req/s] [内存消耗：3,192.73kb] [文件加载：59]
[ info ] [ LANG ] F:\www\pyg\thinkphp\lang\zh-cn.php
[ info ] [ ROUTE ] array (
  'type' => 'module',
  'module' => 
  array (
    0 => 'usercenter',
    1 => 'info',
    2 => 'job',
  ),
)
[ info ] [ HEADER ] array (
  'cookie' => 'thinkphp_show_page_trace=0|0; thinkphp_show_page_trace=0|0; pgv_pvi=6815993856; thinkphp_show_page_trace=0|0; PHPSESSID=i6rhrs0bmkihb9f6s6gmvjufjh; login=123',
  'accept-language' => 'zh-CN,zh;q=0.9',
  'accept-encoding' => 'gzip, deflate',
  'referer' => 'http://www.pyg.com/usercenter/info/index',
  'user-agent' => 'Mozilla/5.0 (Windows NT 10.0; Win64; x64) AppleWebKit/537.36 (KHTML, like Gecko) Chrome/76.0.3809.100 Safari/537.36',
  'x-requested-with' => 'XMLHttpRequest',
  'accept' => 'application/json, text/javascript, */*; q=0.01',
  'connection' => 'close',
  'host' => 'www.pyg.com',
)
[ info ] [ PARAM ] array (
  '/usercenter/info/job' => '',
)
[ info ] [ CACHE ] INIT File
[ info ] [ SESSION ] INIT array (
  'id' => '',
  'var_session_id' => '',
  'prefix' => 'think',
  'type' => '',
  'auto_start' => true,
)
[ info ] [ RUN ] app\usercenter\controller\Info->job[ F:\www\pyg\application\usercenter\controller\Info.php ]
[ info ] [ DB ] INIT mysql
[ info ] [ LOG ] INIT File
[ sql ] [ DB ] CONNECT:[ UseTime:0.001996s ] mysql:host=127.0.0.1;port=3306;dbname=pyg;charset=utf8
[ sql ] [ SQL ] SHOW COLUMNS FROM `pyg_job` [ RunTime:0.032505s ]
[ sql ] [ SQL ] SELECT `id`,`job_name`,`pid`,`pid_path`,`pid_path_name`,`level`,`sort` FROM `pyg_job` WHERE  `pid` = 0 [ RunTime:0.000965s ]
---------------------------------------------------------------
[ 2019-10-23T13:18:36+08:00 ] 127.0.0.1 GET www.pyg.com/usercenter/info/job?pid=1
[运行时间：0.167023s] [吞吐率：5.99req/s] [内存消耗：3,190.98kb] [文件加载：59]
[ info ] [ LANG ] F:\www\pyg\thinkphp\lang\zh-cn.php
[ info ] [ ROUTE ] array (
  'type' => 'module',
  'module' => 
  array (
    0 => 'usercenter',
    1 => 'info',
    2 => 'job',
  ),
)
[ info ] [ HEADER ] array (
  'cookie' => 'thinkphp_show_page_trace=0|0; thinkphp_show_page_trace=0|0; pgv_pvi=6815993856; thinkphp_show_page_trace=0|0; PHPSESSID=i6rhrs0bmkihb9f6s6gmvjufjh; login=123',
  'accept-language' => 'zh-CN,zh;q=0.9',
  'accept-encoding' => 'gzip, deflate',
  'referer' => 'http://www.pyg.com/usercenter/info/index',
  'user-agent' => 'Mozilla/5.0 (Windows NT 10.0; Win64; x64) AppleWebKit/537.36 (KHTML, like Gecko) Chrome/76.0.3809.100 Safari/537.36',
  'x-requested-with' => 'XMLHttpRequest',
  'accept' => 'application/json, text/javascript, */*; q=0.01',
  'connection' => 'close',
  'host' => 'www.pyg.com',
)
[ info ] [ PARAM ] array (
  '/usercenter/info/job' => '',
  'pid' => '1',
)
[ info ] [ CACHE ] INIT File
[ info ] [ SESSION ] INIT array (
  'id' => '',
  'var_session_id' => '',
  'prefix' => 'think',
  'type' => '',
  'auto_start' => true,
)
[ info ] [ RUN ] app\usercenter\controller\Info->job[ F:\www\pyg\application\usercenter\controller\Info.php ]
[ info ] [ DB ] INIT mysql
[ info ] [ LOG ] INIT File
[ sql ] [ DB ] CONNECT:[ UseTime:0.001618s ] mysql:host=127.0.0.1;port=3306;dbname=pyg;charset=utf8
[ sql ] [ SQL ] SHOW COLUMNS FROM `pyg_job` [ RunTime:0.024582s ]
[ sql ] [ SQL ] SELECT `id`,`job_name`,`pid`,`pid_path`,`pid_path_name`,`level`,`sort` FROM `pyg_job` WHERE  `pid` = 1 [ RunTime:0.000785s ]
---------------------------------------------------------------
[ 2019-10-23T13:18:37+08:00 ] 127.0.0.1 GET www.pyg.com/usercenter/info/job?pid=7
[运行时间：0.113298s] [吞吐率：8.83req/s] [内存消耗：3,191.01kb] [文件加载：59]
[ info ] [ LANG ] F:\www\pyg\thinkphp\lang\zh-cn.php
[ info ] [ ROUTE ] array (
  'type' => 'module',
  'module' => 
  array (
    0 => 'usercenter',
    1 => 'info',
    2 => 'job',
  ),
)
[ info ] [ HEADER ] array (
  'cookie' => 'thinkphp_show_page_trace=0|0; thinkphp_show_page_trace=0|0; pgv_pvi=6815993856; thinkphp_show_page_trace=0|0; PHPSESSID=i6rhrs0bmkihb9f6s6gmvjufjh; login=123',
  'accept-language' => 'zh-CN,zh;q=0.9',
  'accept-encoding' => 'gzip, deflate',
  'referer' => 'http://www.pyg.com/usercenter/info/index',
  'user-agent' => 'Mozilla/5.0 (Windows NT 10.0; Win64; x64) AppleWebKit/537.36 (KHTML, like Gecko) Chrome/76.0.3809.100 Safari/537.36',
  'x-requested-with' => 'XMLHttpRequest',
  'accept' => 'application/json, text/javascript, */*; q=0.01',
  'connection' => 'close',
  'host' => 'www.pyg.com',
)
[ info ] [ PARAM ] array (
  '/usercenter/info/job' => '',
  'pid' => '7',
)
[ info ] [ CACHE ] INIT File
[ info ] [ SESSION ] INIT array (
  'id' => '',
  'var_session_id' => '',
  'prefix' => 'think',
  'type' => '',
  'auto_start' => true,
)
[ info ] [ RUN ] app\usercenter\controller\Info->job[ F:\www\pyg\application\usercenter\controller\Info.php ]
[ info ] [ DB ] INIT mysql
[ info ] [ LOG ] INIT File
[ sql ] [ DB ] CONNECT:[ UseTime:0.001266s ] mysql:host=127.0.0.1;port=3306;dbname=pyg;charset=utf8
[ sql ] [ SQL ] SHOW COLUMNS FROM `pyg_job` [ RunTime:0.027929s ]
[ sql ] [ SQL ] SELECT `id`,`job_name`,`pid`,`pid_path`,`pid_path_name`,`level`,`sort` FROM `pyg_job` WHERE  `pid` = 7 [ RunTime:0.000869s ]
---------------------------------------------------------------
[ 2019-10-23T13:18:39+08:00 ] 127.0.0.1 GET www.pyg.com/usercenter/info/job?pid=5
[运行时间：0.114296s] [吞吐率：8.75req/s] [内存消耗：3,190.45kb] [文件加载：59]
[ info ] [ LANG ] F:\www\pyg\thinkphp\lang\zh-cn.php
[ info ] [ ROUTE ] array (
  'type' => 'module',
  'module' => 
  array (
    0 => 'usercenter',
    1 => 'info',
    2 => 'job',
  ),
)
[ info ] [ HEADER ] array (
  'cookie' => 'thinkphp_show_page_trace=0|0; thinkphp_show_page_trace=0|0; pgv_pvi=6815993856; thinkphp_show_page_trace=0|0; PHPSESSID=i6rhrs0bmkihb9f6s6gmvjufjh; login=123',
  'accept-language' => 'zh-CN,zh;q=0.9',
  'accept-encoding' => 'gzip, deflate',
  'referer' => 'http://www.pyg.com/usercenter/info/index',
  'user-agent' => 'Mozilla/5.0 (Windows NT 10.0; Win64; x64) AppleWebKit/537.36 (KHTML, like Gecko) Chrome/76.0.3809.100 Safari/537.36',
  'x-requested-with' => 'XMLHttpRequest',
  'accept' => 'application/json, text/javascript, */*; q=0.01',
  'connection' => 'close',
  'host' => 'www.pyg.com',
)
[ info ] [ PARAM ] array (
  '/usercenter/info/job' => '',
  'pid' => '5',
)
[ info ] [ CACHE ] INIT File
[ info ] [ SESSION ] INIT array (
  'id' => '',
  'var_session_id' => '',
  'prefix' => 'think',
  'type' => '',
  'auto_start' => true,
)
[ info ] [ RUN ] app\usercenter\controller\Info->job[ F:\www\pyg\application\usercenter\controller\Info.php ]
[ info ] [ DB ] INIT mysql
[ info ] [ LOG ] INIT File
[ sql ] [ DB ] CONNECT:[ UseTime:0.001637s ] mysql:host=127.0.0.1;port=3306;dbname=pyg;charset=utf8
[ sql ] [ SQL ] SHOW COLUMNS FROM `pyg_job` [ RunTime:0.025430s ]
[ sql ] [ SQL ] SELECT `id`,`job_name`,`pid`,`pid_path`,`pid_path_name`,`level`,`sort` FROM `pyg_job` WHERE  `pid` = 5 [ RunTime:0.000749s ]
---------------------------------------------------------------
[ 2019-10-23T13:18:44+08:00 ] 127.0.0.1 GET www.pyg.com/usercenter/info/job?pid=5
[运行时间：0.122215s] [吞吐率：8.18req/s] [内存消耗：3,190.45kb] [文件加载：59]
[ info ] [ LANG ] F:\www\pyg\thinkphp\lang\zh-cn.php
[ info ] [ ROUTE ] array (
  'type' => 'module',
  'module' => 
  array (
    0 => 'usercenter',
    1 => 'info',
    2 => 'job',
  ),
)
[ info ] [ HEADER ] array (
  'cookie' => 'thinkphp_show_page_trace=0|0; thinkphp_show_page_trace=0|0; pgv_pvi=6815993856; thinkphp_show_page_trace=0|0; PHPSESSID=i6rhrs0bmkihb9f6s6gmvjufjh; login=123',
  'accept-language' => 'zh-CN,zh;q=0.9',
  'accept-encoding' => 'gzip, deflate',
  'referer' => 'http://www.pyg.com/usercenter/info/index',
  'user-agent' => 'Mozilla/5.0 (Windows NT 10.0; Win64; x64) AppleWebKit/537.36 (KHTML, like Gecko) Chrome/76.0.3809.100 Safari/537.36',
  'x-requested-with' => 'XMLHttpRequest',
  'accept' => 'application/json, text/javascript, */*; q=0.01',
  'connection' => 'close',
  'host' => 'www.pyg.com',
)
[ info ] [ PARAM ] array (
  '/usercenter/info/job' => '',
  'pid' => '5',
)
[ info ] [ CACHE ] INIT File
[ info ] [ SESSION ] INIT array (
  'id' => '',
  'var_session_id' => '',
  'prefix' => 'think',
  'type' => '',
  'auto_start' => true,
)
[ info ] [ RUN ] app\usercenter\controller\Info->job[ F:\www\pyg\application\usercenter\controller\Info.php ]
[ info ] [ DB ] INIT mysql
[ info ] [ LOG ] INIT File
[ sql ] [ DB ] CONNECT:[ UseTime:0.001390s ] mysql:host=127.0.0.1;port=3306;dbname=pyg;charset=utf8
[ sql ] [ SQL ] SHOW COLUMNS FROM `pyg_job` [ RunTime:0.036750s ]
[ sql ] [ SQL ] SELECT `id`,`job_name`,`pid`,`pid_path`,`pid_path_name`,`level`,`sort` FROM `pyg_job` WHERE  `pid` = 5 [ RunTime:0.000978s ]
---------------------------------------------------------------
[ 2019-10-23T13:18:45+08:00 ] 127.0.0.1 GET www.pyg.com/usercenter/info/job?pid=12
[运行时间：0.109283s] [吞吐率：9.15req/s] [内存消耗：3,190.48kb] [文件加载：59]
[ info ] [ LANG ] F:\www\pyg\thinkphp\lang\zh-cn.php
[ info ] [ ROUTE ] array (
  'type' => 'module',
  'module' => 
  array (
    0 => 'usercenter',
    1 => 'info',
    2 => 'job',
  ),
)
[ info ] [ HEADER ] array (
  'cookie' => 'thinkphp_show_page_trace=0|0; thinkphp_show_page_trace=0|0; pgv_pvi=6815993856; thinkphp_show_page_trace=0|0; PHPSESSID=i6rhrs0bmkihb9f6s6gmvjufjh; login=123',
  'accept-language' => 'zh-CN,zh;q=0.9',
  'accept-encoding' => 'gzip, deflate',
  'referer' => 'http://www.pyg.com/usercenter/info/index',
  'user-agent' => 'Mozilla/5.0 (Windows NT 10.0; Win64; x64) AppleWebKit/537.36 (KHTML, like Gecko) Chrome/76.0.3809.100 Safari/537.36',
  'x-requested-with' => 'XMLHttpRequest',
  'accept' => 'application/json, text/javascript, */*; q=0.01',
  'connection' => 'close',
  'host' => 'www.pyg.com',
)
[ info ] [ PARAM ] array (
  '/usercenter/info/job' => '',
  'pid' => '12',
)
[ info ] [ CACHE ] INIT File
[ info ] [ SESSION ] INIT array (
  'id' => '',
  'var_session_id' => '',
  'prefix' => 'think',
  'type' => '',
  'auto_start' => true,
)
[ info ] [ RUN ] app\usercenter\controller\Info->job[ F:\www\pyg\application\usercenter\controller\Info.php ]
[ info ] [ DB ] INIT mysql
[ info ] [ LOG ] INIT File
[ sql ] [ DB ] CONNECT:[ UseTime:0.001406s ] mysql:host=127.0.0.1;port=3306;dbname=pyg;charset=utf8
[ sql ] [ SQL ] SHOW COLUMNS FROM `pyg_job` [ RunTime:0.018818s ]
[ sql ] [ SQL ] SELECT `id`,`job_name`,`pid`,`pid_path`,`pid_path_name`,`level`,`sort` FROM `pyg_job` WHERE  `pid` = 12 [ RunTime:0.000716s ]
---------------------------------------------------------------
[ 2019-10-23T13:18:48+08:00 ] 127.0.0.1 GET www.pyg.com/usercenter/info/job?pid=1
[运行时间：0.116424s] [吞吐率：8.59req/s] [内存消耗：3,190.98kb] [文件加载：59]
[ info ] [ LANG ] F:\www\pyg\thinkphp\lang\zh-cn.php
[ info ] [ ROUTE ] array (
  'type' => 'module',
  'module' => 
  array (
    0 => 'usercenter',
    1 => 'info',
    2 => 'job',
  ),
)
[ info ] [ HEADER ] array (
  'cookie' => 'thinkphp_show_page_trace=0|0; thinkphp_show_page_trace=0|0; pgv_pvi=6815993856; thinkphp_show_page_trace=0|0; PHPSESSID=i6rhrs0bmkihb9f6s6gmvjufjh; login=123',
  'accept-language' => 'zh-CN,zh;q=0.9',
  'accept-encoding' => 'gzip, deflate',
  'referer' => 'http://www.pyg.com/usercenter/info/index',
  'user-agent' => 'Mozilla/5.0 (Windows NT 10.0; Win64; x64) AppleWebKit/537.36 (KHTML, like Gecko) Chrome/76.0.3809.100 Safari/537.36',
  'x-requested-with' => 'XMLHttpRequest',
  'accept' => 'application/json, text/javascript, */*; q=0.01',
  'connection' => 'close',
  'host' => 'www.pyg.com',
)
[ info ] [ PARAM ] array (
  '/usercenter/info/job' => '',
  'pid' => '1',
)
[ info ] [ CACHE ] INIT File
[ info ] [ SESSION ] INIT array (
  'id' => '',
  'var_session_id' => '',
  'prefix' => 'think',
  'type' => '',
  'auto_start' => true,
)
[ info ] [ RUN ] app\usercenter\controller\Info->job[ F:\www\pyg\application\usercenter\controller\Info.php ]
[ info ] [ DB ] INIT mysql
[ info ] [ LOG ] INIT File
[ sql ] [ DB ] CONNECT:[ UseTime:0.001682s ] mysql:host=127.0.0.1;port=3306;dbname=pyg;charset=utf8
[ sql ] [ SQL ] SHOW COLUMNS FROM `pyg_job` [ RunTime:0.035156s ]
[ sql ] [ SQL ] SELECT `id`,`job_name`,`pid`,`pid_path`,`pid_path_name`,`level`,`sort` FROM `pyg_job` WHERE  `pid` = 1 [ RunTime:0.000658s ]
---------------------------------------------------------------
[ 2019-10-23T13:18:49+08:00 ] 127.0.0.1 GET www.pyg.com/usercenter/info/job?pid=7
[运行时间：0.120353s] [吞吐率：8.31req/s] [内存消耗：3,191.01kb] [文件加载：59]
[ info ] [ LANG ] F:\www\pyg\thinkphp\lang\zh-cn.php
[ info ] [ ROUTE ] array (
  'type' => 'module',
  'module' => 
  array (
    0 => 'usercenter',
    1 => 'info',
    2 => 'job',
  ),
)
[ info ] [ HEADER ] array (
  'cookie' => 'thinkphp_show_page_trace=0|0; thinkphp_show_page_trace=0|0; pgv_pvi=6815993856; thinkphp_show_page_trace=0|0; PHPSESSID=i6rhrs0bmkihb9f6s6gmvjufjh; login=123',
  'accept-language' => 'zh-CN,zh;q=0.9',
  'accept-encoding' => 'gzip, deflate',
  'referer' => 'http://www.pyg.com/usercenter/info/index',
  'user-agent' => 'Mozilla/5.0 (Windows NT 10.0; Win64; x64) AppleWebKit/537.36 (KHTML, like Gecko) Chrome/76.0.3809.100 Safari/537.36',
  'x-requested-with' => 'XMLHttpRequest',
  'accept' => 'application/json, text/javascript, */*; q=0.01',
  'connection' => 'close',
  'host' => 'www.pyg.com',
)
[ info ] [ PARAM ] array (
  '/usercenter/info/job' => '',
  'pid' => '7',
)
[ info ] [ CACHE ] INIT File
[ info ] [ SESSION ] INIT array (
  'id' => '',
  'var_session_id' => '',
  'prefix' => 'think',
  'type' => '',
  'auto_start' => true,
)
[ info ] [ RUN ] app\usercenter\controller\Info->job[ F:\www\pyg\application\usercenter\controller\Info.php ]
[ info ] [ DB ] INIT mysql
[ info ] [ LOG ] INIT File
[ sql ] [ DB ] CONNECT:[ UseTime:0.001559s ] mysql:host=127.0.0.1;port=3306;dbname=pyg;charset=utf8
[ sql ] [ SQL ] SHOW COLUMNS FROM `pyg_job` [ RunTime:0.024211s ]
[ sql ] [ SQL ] SELECT `id`,`job_name`,`pid`,`pid_path`,`pid_path_name`,`level`,`sort` FROM `pyg_job` WHERE  `pid` = 7 [ RunTime:0.000709s ]
---------------------------------------------------------------
[ 2019-10-23T13:18:52+08:00 ] 127.0.0.1 POST www.pyg.com/usercenter/info/edit
[运行时间：0.382879s] [吞吐率：2.61req/s] [内存消耗：3,159.16kb] [文件加载：59]
[ info ] [ LANG ] F:\www\pyg\thinkphp\lang\zh-cn.php
[ info ] [ ROUTE ] array (
  'type' => 'module',
  'module' => 
  array (
    0 => 'usercenter',
    1 => 'info',
    2 => 'edit',
  ),
)
[ info ] [ HEADER ] array (
  'cookie' => 'thinkphp_show_page_trace=0|0; thinkphp_show_page_trace=0|0; pgv_pvi=6815993856; thinkphp_show_page_trace=0|0; PHPSESSID=i6rhrs0bmkihb9f6s6gmvjufjh; login=123',
  'accept-language' => 'zh-CN,zh;q=0.9',
  'accept-encoding' => 'gzip, deflate',
  'referer' => 'http://www.pyg.com/usercenter/info/index',
  'content-type' => 'application/x-www-form-urlencoded; charset=UTF-8',
  'user-agent' => 'Mozilla/5.0 (Windows NT 10.0; Win64; x64) AppleWebKit/537.36 (KHTML, like Gecko) Chrome/76.0.3809.100 Safari/537.36',
  'x-requested-with' => 'XMLHttpRequest',
  'origin' => 'http://www.pyg.com',
  'accept' => 'application/json, text/javascript, */*; q=0.01',
  'content-length' => '242',
  'connection' => 'close',
  'host' => 'www.pyg.com',
)
[ info ] [ PARAM ] array (
  '/usercenter/info/edit' => '',
  'nickname' => '地狗商城首席执行官',
  'sex' => '0',
  'birthday' => '2017/10/5',
  'place' => '北京市_北京市市辖区_东城区',
  'job' => '9',
)
[ info ] [ CACHE ] INIT File
[ info ] [ SESSION ] INIT array (
  'id' => '',
  'var_session_id' => '',
  'prefix' => 'think',
  'type' => '',
  'auto_start' => true,
)
[ info ] [ RUN ] app\usercenter\controller\Info->edit[ F:\www\pyg\application\usercenter\controller\Info.php ]
[ info ] [ DB ] INIT mysql
[ info ] [ LOG ] INIT File
[ sql ] [ DB ] CONNECT:[ UseTime:0.011663s ] mysql:host=127.0.0.1;port=3306;dbname=pyg;charset=utf8
[ sql ] [ SQL ] SHOW COLUMNS FROM `pyg_profile` [ RunTime:0.034768s ]
[ sql ] [ SQL ] UPDATE `pyg_profile`  SET `sex`='0',`job`=9,`place`='北京市_北京市市辖区_东城区',`birthday`='2017/10/5',`update_time`=1571807932  WHERE  `uid` = 32 [ RunTime:0.000862s ]
[ sql ] [ SQL ] SHOW COLUMNS FROM `pyg_user` [ RunTime:0.026135s ]
[ sql ] [ SQL ] UPDATE `pyg_user`  SET `nickname`='地狗商城首席执行官'  WHERE  `id` = 32 [ RunTime:0.000742s ]
---------------------------------------------------------------
[ 2019-10-23T13:18:52+08:00 ] 127.0.0.1 GET www.pyg.com/usercenter/info/index
[运行时间：0.164824s] [吞吐率：6.07req/s] [内存消耗：3,406.15kb] [文件加载：62]
[ info ] [ LANG ] F:\www\pyg\thinkphp\lang\zh-cn.php
[ info ] [ ROUTE ] array (
  'type' => 'module',
  'module' => 
  array (
    0 => 'usercenter',
    1 => 'info',
    2 => 'index',
  ),
)
[ info ] [ HEADER ] array (
  'cookie' => 'thinkphp_show_page_trace=0|0; thinkphp_show_page_trace=0|0; pgv_pvi=6815993856; thinkphp_show_page_trace=0|0; PHPSESSID=i6rhrs0bmkihb9f6s6gmvjufjh; login=123',
  'accept-language' => 'zh-CN,zh;q=0.9',
  'accept-encoding' => 'gzip, deflate',
  'referer' => 'http://www.pyg.com/usercenter/info/index',
  'accept' => 'text/html,application/xhtml+xml,application/xml;q=0.9,image/webp,image/apng,*/*;q=0.8,application/signed-exchange;v=b3',
  'user-agent' => 'Mozilla/5.0 (Windows NT 10.0; Win64; x64) AppleWebKit/537.36 (KHTML, like Gecko) Chrome/76.0.3809.100 Safari/537.36',
  'upgrade-insecure-requests' => '1',
  'cache-control' => 'max-age=0',
  'connection' => 'close',
  'host' => 'www.pyg.com',
)
[ info ] [ PARAM ] array (
  '/usercenter/info/index' => '',
)
[ info ] [ CACHE ] INIT File
[ info ] [ SESSION ] INIT array (
  'id' => '',
  'var_session_id' => '',
  'prefix' => 'think',
  'type' => '',
  'auto_start' => true,
)
[ info ] [ RUN ] app\usercenter\controller\Info->index[ F:\www\pyg\application\usercenter\controller\Info.php ]
[ info ] [ DB ] INIT mysql
[ info ] [ VIEW ] F:\www\pyg\public/../application/usercenter\view\info\index.html [ array (
  0 => 'category',
  1 => 'userinfo',
  2 => 'job',
  3 => 'userjob',
) ]
[ info ] [ LOG ] INIT File
[ sql ] [ DB ] CONNECT:[ UseTime:0.001500s ] mysql:host=127.0.0.1;port=3306;dbname=pyg;charset=utf8
[ sql ] [ SQL ] SHOW COLUMNS FROM `pyg_user` [ RunTime:0.029657s ]
[ sql ] [ SQL ] SELECT `a`.`id`,`sex`,`nickname`,`phone`,`figure_url`,`is_vip`,`card`,`birthday`,`place`,`job` FROM `pyg_user` `a` INNER JOIN `pyg_profile` `b` ON `a`.`id`=`b`.`uid` WHERE  `a`.`id` = 32 LIMIT 1 [ RunTime:0.000924s ]
[ sql ] [ SQL ] SHOW COLUMNS FROM `pyg_job` [ RunTime:0.023405s ]
[ sql ] [ SQL ] SELECT `id`,`job_name`,`pid`,`pid_path`,`pid_path_name`,`level`,`sort` FROM `pyg_job` [ RunTime:0.000955s ]
[ sql ] [ SQL ] SELECT `pid_path` FROM `pyg_job` WHERE  `id` = 9 LIMIT 1 [ RunTime:0.001066s ]
---------------------------------------------------------------
[ 2019-10-23T13:18:52+08:00 ] 127.0.0.1 GET www.pyg.com/usercenter/info/job?pid=1
[运行时间：0.098675s] [吞吐率：10.13req/s] [内存消耗：3,190.98kb] [文件加载：59]
[ info ] [ LANG ] F:\www\pyg\thinkphp\lang\zh-cn.php
[ info ] [ ROUTE ] array (
  'type' => 'module',
  'module' => 
  array (
    0 => 'usercenter',
    1 => 'info',
    2 => 'job',
  ),
)
[ info ] [ HEADER ] array (
  'cookie' => 'thinkphp_show_page_trace=0|0; thinkphp_show_page_trace=0|0; pgv_pvi=6815993856; thinkphp_show_page_trace=0|0; PHPSESSID=i6rhrs0bmkihb9f6s6gmvjufjh; login=123',
  'accept-language' => 'zh-CN,zh;q=0.9',
  'accept-encoding' => 'gzip, deflate',
  'referer' => 'http://www.pyg.com/usercenter/info/index',
  'user-agent' => 'Mozilla/5.0 (Windows NT 10.0; Win64; x64) AppleWebKit/537.36 (KHTML, like Gecko) Chrome/76.0.3809.100 Safari/537.36',
  'x-requested-with' => 'XMLHttpRequest',
  'accept' => 'application/json, text/javascript, */*; q=0.01',
  'connection' => 'close',
  'host' => 'www.pyg.com',
)
[ info ] [ PARAM ] array (
  '/usercenter/info/job' => '',
  'pid' => '1',
)
[ info ] [ CACHE ] INIT File
[ info ] [ SESSION ] INIT array (
  'id' => '',
  'var_session_id' => '',
  'prefix' => 'think',
  'type' => '',
  'auto_start' => true,
)
[ info ] [ RUN ] app\usercenter\controller\Info->job[ F:\www\pyg\application\usercenter\controller\Info.php ]
[ info ] [ DB ] INIT mysql
[ info ] [ LOG ] INIT File
[ sql ] [ DB ] CONNECT:[ UseTime:0.001306s ] mysql:host=127.0.0.1;port=3306;dbname=pyg;charset=utf8
[ sql ] [ SQL ] SHOW COLUMNS FROM `pyg_job` [ RunTime:0.015169s ]
[ sql ] [ SQL ] SELECT `id`,`job_name`,`pid`,`pid_path`,`pid_path_name`,`level`,`sort` FROM `pyg_job` WHERE  `pid` = 1 [ RunTime:0.000568s ]
---------------------------------------------------------------
[ 2019-10-23T13:18:52+08:00 ] 127.0.0.1 GET www.pyg.com/usercenter/info/job
[运行时间：0.136531s] [吞吐率：7.32req/s] [内存消耗：3,192.73kb] [文件加载：59]
[ info ] [ LANG ] F:\www\pyg\thinkphp\lang\zh-cn.php
[ info ] [ ROUTE ] array (
  'type' => 'module',
  'module' => 
  array (
    0 => 'usercenter',
    1 => 'info',
    2 => 'job',
  ),
)
[ info ] [ HEADER ] array (
  'cookie' => 'thinkphp_show_page_trace=0|0; thinkphp_show_page_trace=0|0; pgv_pvi=6815993856; thinkphp_show_page_trace=0|0; PHPSESSID=i6rhrs0bmkihb9f6s6gmvjufjh; login=123',
  'accept-language' => 'zh-CN,zh;q=0.9',
  'accept-encoding' => 'gzip, deflate',
  'referer' => 'http://www.pyg.com/usercenter/info/index',
  'user-agent' => 'Mozilla/5.0 (Windows NT 10.0; Win64; x64) AppleWebKit/537.36 (KHTML, like Gecko) Chrome/76.0.3809.100 Safari/537.36',
  'x-requested-with' => 'XMLHttpRequest',
  'accept' => 'application/json, text/javascript, */*; q=0.01',
  'connection' => 'close',
  'host' => 'www.pyg.com',
)
[ info ] [ PARAM ] array (
  '/usercenter/info/job' => '',
)
[ info ] [ CACHE ] INIT File
[ info ] [ SESSION ] INIT array (
  'id' => '',
  'var_session_id' => '',
  'prefix' => 'think',
  'type' => '',
  'auto_start' => true,
)
[ info ] [ RUN ] app\usercenter\controller\Info->job[ F:\www\pyg\application\usercenter\controller\Info.php ]
[ info ] [ DB ] INIT mysql
[ info ] [ LOG ] INIT File
[ sql ] [ DB ] CONNECT:[ UseTime:0.001121s ] mysql:host=127.0.0.1;port=3306;dbname=pyg;charset=utf8
[ sql ] [ SQL ] SHOW COLUMNS FROM `pyg_job` [ RunTime:0.014314s ]
[ sql ] [ SQL ] SELECT `id`,`job_name`,`pid`,`pid_path`,`pid_path_name`,`level`,`sort` FROM `pyg_job` WHERE  `pid` = 0 [ RunTime:0.000678s ]
---------------------------------------------------------------
[ 2019-10-23T13:18:53+08:00 ] 127.0.0.1 GET www.pyg.com/usercenter/info/job?pid=7
[运行时间：0.106892s] [吞吐率：9.36req/s] [内存消耗：3,191.01kb] [文件加载：59]
[ info ] [ LANG ] F:\www\pyg\thinkphp\lang\zh-cn.php
[ info ] [ ROUTE ] array (
  'type' => 'module',
  'module' => 
  array (
    0 => 'usercenter',
    1 => 'info',
    2 => 'job',
  ),
)
[ info ] [ HEADER ] array (
  'cookie' => 'thinkphp_show_page_trace=0|0; thinkphp_show_page_trace=0|0; pgv_pvi=6815993856; thinkphp_show_page_trace=0|0; PHPSESSID=i6rhrs0bmkihb9f6s6gmvjufjh; login=123',
  'accept-language' => 'zh-CN,zh;q=0.9',
  'accept-encoding' => 'gzip, deflate',
  'referer' => 'http://www.pyg.com/usercenter/info/index',
  'user-agent' => 'Mozilla/5.0 (Windows NT 10.0; Win64; x64) AppleWebKit/537.36 (KHTML, like Gecko) Chrome/76.0.3809.100 Safari/537.36',
  'x-requested-with' => 'XMLHttpRequest',
  'accept' => 'application/json, text/javascript, */*; q=0.01',
  'connection' => 'close',
  'host' => 'www.pyg.com',
)
[ info ] [ PARAM ] array (
  '/usercenter/info/job' => '',
  'pid' => '7',
)
[ info ] [ CACHE ] INIT File
[ info ] [ SESSION ] INIT array (
  'id' => '',
  'var_session_id' => '',
  'prefix' => 'think',
  'type' => '',
  'auto_start' => true,
)
[ info ] [ RUN ] app\usercenter\controller\Info->job[ F:\www\pyg\application\usercenter\controller\Info.php ]
[ info ] [ DB ] INIT mysql
[ info ] [ LOG ] INIT File
[ sql ] [ DB ] CONNECT:[ UseTime:0.001651s ] mysql:host=127.0.0.1;port=3306;dbname=pyg;charset=utf8
[ sql ] [ SQL ] SHOW COLUMNS FROM `pyg_job` [ RunTime:0.027204s ]
[ sql ] [ SQL ] SELECT `id`,`job_name`,`pid`,`pid_path`,`pid_path_name`,`level`,`sort` FROM `pyg_job` WHERE  `pid` = 7 [ RunTime:0.000883s ]
---------------------------------------------------------------
[ 2019-10-23T13:19:01+08:00 ] 127.0.0.1 GET www.pyg.com/usercenter/info/job?pid=1
[运行时间：0.121783s] [吞吐率：8.21req/s] [内存消耗：3,190.98kb] [文件加载：59]
[ info ] [ LANG ] F:\www\pyg\thinkphp\lang\zh-cn.php
[ info ] [ ROUTE ] array (
  'type' => 'module',
  'module' => 
  array (
    0 => 'usercenter',
    1 => 'info',
    2 => 'job',
  ),
)
[ info ] [ HEADER ] array (
  'cookie' => 'thinkphp_show_page_trace=0|0; thinkphp_show_page_trace=0|0; pgv_pvi=6815993856; thinkphp_show_page_trace=0|0; PHPSESSID=i6rhrs0bmkihb9f6s6gmvjufjh; login=123',
  'accept-language' => 'zh-CN,zh;q=0.9',
  'accept-encoding' => 'gzip, deflate',
  'referer' => 'http://www.pyg.com/usercenter/info/index',
  'user-agent' => 'Mozilla/5.0 (Windows NT 10.0; Win64; x64) AppleWebKit/537.36 (KHTML, like Gecko) Chrome/76.0.3809.100 Safari/537.36',
  'x-requested-with' => 'XMLHttpRequest',
  'accept' => 'application/json, text/javascript, */*; q=0.01',
  'connection' => 'close',
  'host' => 'www.pyg.com',
)
[ info ] [ PARAM ] array (
  '/usercenter/info/job' => '',
  'pid' => '1',
)
[ info ] [ CACHE ] INIT File
[ info ] [ SESSION ] INIT array (
  'id' => '',
  'var_session_id' => '',
  'prefix' => 'think',
  'type' => '',
  'auto_start' => true,
)
[ info ] [ RUN ] app\usercenter\controller\Info->job[ F:\www\pyg\application\usercenter\controller\Info.php ]
[ info ] [ DB ] INIT mysql
[ info ] [ LOG ] INIT File
[ sql ] [ DB ] CONNECT:[ UseTime:0.001546s ] mysql:host=127.0.0.1;port=3306;dbname=pyg;charset=utf8
[ sql ] [ SQL ] SHOW COLUMNS FROM `pyg_job` [ RunTime:0.037327s ]
[ sql ] [ SQL ] SELECT `id`,`job_name`,`pid`,`pid_path`,`pid_path_name`,`level`,`sort` FROM `pyg_job` WHERE  `pid` = 1 [ RunTime:0.000753s ]
---------------------------------------------------------------
[ 2019-10-23T13:19:03+08:00 ] 127.0.0.1 GET www.pyg.com/usercenter/info/job?pid=10
[运行时间：0.106613s] [吞吐率：9.38req/s] [内存消耗：3,190.47kb] [文件加载：59]
[ info ] [ LANG ] F:\www\pyg\thinkphp\lang\zh-cn.php
[ info ] [ ROUTE ] array (
  'type' => 'module',
  'module' => 
  array (
    0 => 'usercenter',
    1 => 'info',
    2 => 'job',
  ),
)
[ info ] [ HEADER ] array (
  'cookie' => 'thinkphp_show_page_trace=0|0; thinkphp_show_page_trace=0|0; pgv_pvi=6815993856; thinkphp_show_page_trace=0|0; PHPSESSID=i6rhrs0bmkihb9f6s6gmvjufjh; login=123',
  'accept-language' => 'zh-CN,zh;q=0.9',
  'accept-encoding' => 'gzip, deflate',
  'referer' => 'http://www.pyg.com/usercenter/info/index',
  'user-agent' => 'Mozilla/5.0 (Windows NT 10.0; Win64; x64) AppleWebKit/537.36 (KHTML, like Gecko) Chrome/76.0.3809.100 Safari/537.36',
  'x-requested-with' => 'XMLHttpRequest',
  'accept' => 'application/json, text/javascript, */*; q=0.01',
  'connection' => 'close',
  'host' => 'www.pyg.com',
)
[ info ] [ PARAM ] array (
  '/usercenter/info/job' => '',
  'pid' => '10',
)
[ info ] [ CACHE ] INIT File
[ info ] [ SESSION ] INIT array (
  'id' => '',
  'var_session_id' => '',
  'prefix' => 'think',
  'type' => '',
  'auto_start' => true,
)
[ info ] [ RUN ] app\usercenter\controller\Info->job[ F:\www\pyg\application\usercenter\controller\Info.php ]
[ info ] [ DB ] INIT mysql
[ info ] [ LOG ] INIT File
[ sql ] [ DB ] CONNECT:[ UseTime:0.001553s ] mysql:host=127.0.0.1;port=3306;dbname=pyg;charset=utf8
[ sql ] [ SQL ] SHOW COLUMNS FROM `pyg_job` [ RunTime:0.028232s ]
[ sql ] [ SQL ] SELECT `id`,`job_name`,`pid`,`pid_path`,`pid_path_name`,`level`,`sort` FROM `pyg_job` WHERE  `pid` = 10 [ RunTime:0.000781s ]
